<?xml version="1.0" encoding="UTF-8"?>
<!-- Generated by org.testng.reporters.JUnitReportReporter -->
<testsuite hostname="venkataswami-PC" name="Test.firststep" tests="3" failures="0" timestamp="2 Aug 2019 22:32:52 GMT" time="10.826" errors="0">
  <testcase name="postaprof" time="0.646" classname="Test.firststep"/>
  <testcase name="login" time="9.548" classname="Test.firststep"/>
  <testcase name="submit" time="0.632" classname="Test.firststep"/>
</testsuite> <!-- Test.firststep -->
