<?xml version="1.0" encoding="UTF-8"?>
<!-- Generated by org.testng.reporters.JUnitReportReporter -->
<testsuite hostname="venkataswami-PC" name="Test.TestAnnotations" tests="2" failures="0" timestamp="2 Aug 2019 17:44:27 GMT" time="19.792" errors="0">
  <testcase name="Loginpage" time="19.776" classname="Test.TestAnnotations"/>
  <testcase name="searchaServices" time="0.016" classname="Test.TestAnnotations"/>
</testsuite> <!-- Test.TestAnnotations -->
